Starting SellApplication on DESKTOP-AHK6M7B with PID 22800 (E:\java-project\sell\target\classes started by NaNa in E:\java-project\sell)
The following profiles are active: dev
Bootstrapping Spring Data JPA repositories in DEFAULT mode.
Finished Spring Data repository scanning in 22ms. Found 0 JPA repository interfaces.
Tomcat initialized with port(s): 9999 (http)
Initializing ProtocolHandler ["http-nio-9999"]
Starting service [Tomcat]
Starting Servlet engine: [Apache Tomcat/9.0.34]
Initializing Spring embedded WebApplicationContext
Root WebApplicationContext: initialization completed in 1653 ms
HikariPool-1 - Starting...
HikariPool-1 - Start completed.
HHH000204: Processing PersistenceUnitInfo [name: default]
HHH000412: Hibernate ORM core version 5.4.15.Final
HCANN000001: Hibernate Commons Annotations {5.1.0.Final}
HHH000400: Using dialect: org.hibernate.dialect.MySQL8Dialect
HHH000490: Using JtaPlatform implementation: [org.hibernate.engine.transaction.jta.platform.internal.NoJtaPlatform]
Initialized JPA EntityManagerFactory for persistence unit 'default'
spring.jpa.open-in-view is enabled by default. Therefore, database queries may be performed during view rendering. Explicitly configure spring.jpa.open-in-view to disable this warning
Initializing ExecutorService 'applicationTaskExecutor'
Starting ProtocolHandler ["http-nio-9999"]
Tomcat started on port(s): 9999 (http) with context path ''
Started SellApplication in 5.281 seconds (JVM running for 8.83)
Starting SellApplication on DESKTOP-AHK6M7B with PID 17680 (E:\java-project\sell\target\classes started by NaNa in E:\java-project\sell)
The following profiles are active: dev
Bootstrapping Spring Data JPA repositories in DEFAULT mode.
Finished Spring Data repository scanning in 18ms. Found 0 JPA repository interfaces.
Tomcat initialized with port(s): 9999 (http)
Initializing ProtocolHandler ["http-nio-9999"]
Starting service [Tomcat]
Starting Servlet engine: [Apache Tomcat/9.0.34]
Initializing Spring embedded WebApplicationContext
Root WebApplicationContext: initialization completed in 2172 ms
HikariPool-1 - Starting...
HikariPool-1 - Start completed.
HHH000204: Processing PersistenceUnitInfo [name: default]
HHH000412: Hibernate ORM core version 5.4.15.Final
HCANN000001: Hibernate Commons Annotations {5.1.0.Final}
HHH000400: Using dialect: org.hibernate.dialect.MySQL8Dialect
HHH000490: Using JtaPlatform implementation: [org.hibernate.engine.transaction.jta.platform.internal.NoJtaPlatform]
Initialized JPA EntityManagerFactory for persistence unit 'default'
spring.jpa.open-in-view is enabled by default. Therefore, database queries may be performed during view rendering. Explicitly configure spring.jpa.open-in-view to disable this warning
Initializing ExecutorService 'applicationTaskExecutor'
Starting ProtocolHandler ["http-nio-9999"]
Tomcat started on port(s): 9999 (http) with context path ''
Started SellApplication in 5.106 seconds (JVM running for 7.643)
